<?xml version="1.0" encoding="UTF-8"?>
<coverage generated="1616345566637" clover="3.2.0">
  <project timestamp="1616345566637" name="All files">
    <metrics statements="29" coveredstatements="29" conditionals="8" coveredconditionals="8" methods="8" coveredmethods="8" elements="45" coveredelements="45" complexity="0" loc="29" ncloc="29" packages="1" files="1" classes="1"/>
    <file name="script.ts" path="/workspaces/praha_challenge/testing_basic/tdd/task2/src/script.ts">
      <metrics statements="29" coveredstatements="29" conditionals="8" coveredconditionals="8" methods="8" coveredmethods="8"/>
      <line num="1" count="1" type="stmt"/>
      <line num="3" count="46" type="stmt"/>
      <line num="4" count="4" type="stmt"/>
      <line num="5" count="3" type="stmt"/>
      <line num="6" count="4" type="stmt"/>
      <line num="8" count="3" type="cond" truecount="2" falsecount="0"/>
      <line num="9" count="1" type="stmt"/>
      <line num="11" count="2" type="stmt"/>
      <line num="14" count="13" type="stmt"/>
      <line num="15" count="3" type="stmt"/>
      <line num="16" count="3" type="stmt"/>
      <line num="17" count="4" type="stmt"/>
      <line num="19" count="3" type="cond" truecount="2" falsecount="0"/>
      <line num="20" count="1" type="stmt"/>
      <line num="22" count="2" type="stmt"/>
      <line num="25" count="13" type="stmt"/>
      <line num="26" count="3" type="stmt"/>
      <line num="27" count="3" type="stmt"/>
      <line num="28" count="4" type="stmt"/>
      <line num="30" count="3" type="cond" truecount="2" falsecount="0"/>
      <line num="31" count="1" type="stmt"/>
      <line num="33" count="2" type="stmt"/>
      <line num="36" count="13" type="stmt"/>
      <line num="37" count="3" type="stmt"/>
      <line num="38" count="3" type="stmt"/>
      <line num="39" count="4" type="stmt"/>
      <line num="41" count="3" type="cond" truecount="2" falsecount="0"/>
      <line num="42" count="2" type="stmt"/>
      <line num="44" count="1" type="stmt"/>
    </file>
  </project>
</coverage>
