<?xml version="1.0" encoding="UTF-8"?>
<coverage generated="1616343435419" clover="3.2.0">
  <project timestamp="1616343435419" name="All files">
    <metrics statements="20" coveredstatements="20" conditionals="2" coveredconditionals="2" methods="9" coveredmethods="9" elements="31" coveredelements="31" complexity="0" loc="20" ncloc="20" packages="1" files="1" classes="1"/>
    <file name="script.ts" path="/workspaces/praha_challenge/testing_basic/tdd/task2/src/script.ts">
      <metrics statements="20" coveredstatements="20" conditionals="2" coveredconditionals="2" methods="9" coveredmethods="9"/>
      <line num="1" count="1" type="stmt"/>
      <line num="2" count="10" type="stmt"/>
      <line num="3" count="10" type="cond" truecount="2" falsecount="0"/>
      <line num="4" count="1" type="stmt"/>
      <line num="8" count="46" type="stmt"/>
      <line num="9" count="4" type="stmt"/>
      <line num="10" count="3" type="stmt"/>
      <line num="11" count="4" type="stmt"/>
      <line num="15" count="9" type="stmt"/>
      <line num="16" count="2" type="stmt"/>
      <line num="17" count="2" type="stmt"/>
      <line num="18" count="3" type="stmt"/>
      <line num="22" count="9" type="stmt"/>
      <line num="23" count="2" type="stmt"/>
      <line num="24" count="2" type="stmt"/>
      <line num="25" count="3" type="stmt"/>
      <line num="29" count="9" type="stmt"/>
      <line num="30" count="2" type="stmt"/>
      <line num="31" count="2" type="stmt"/>
      <line num="32" count="3" type="stmt"/>
    </file>
  </project>
</coverage>
