{"/workspaces/praha_challenge/testing_basic/tdd/task2/src/script.ts": {"path":"/workspaces/praha_challenge/testing_basic/tdd/task2/src/script.ts","statementMap":{"0":{"start":{"line":1,"column":20},"end":{"line":1,"column":37}},"1":{"start":{"line":2,"column":2},"end":{"line":4,"column":5}},"2":{"start":{"line":3,"column":4},"end":{"line":3,"column":30}},"3":{"start":{"line":1,"column":0},"end":{"line":1,"column":16}},"4":{"start":{"line":7,"column":25},"end":{"line":7,"column":42}},"5":{"start":{"line":8,"column":2},"end":{"line":10,"column":null}},"6":{"start":{"line":9,"column":4},"end":{"line":9,"column":30}},"7":{"start":{"line":7,"column":0},"end":{"line":7,"column":16}},"8":{"start":{"line":13,"column":25},"end":{"line":13,"column":42}},"9":{"start":{"line":14,"column":2},"end":{"line":16,"column":null}},"10":{"start":{"line":15,"column":4},"end":{"line":15,"column":30}},"11":{"start":{"line":13,"column":0},"end":{"line":13,"column":16}},"12":{"start":{"line":19,"column":23},"end":{"line":19,"column":40}},"13":{"start":{"line":20,"column":2},"end":{"line":22,"column":null}},"14":{"start":{"line":21,"column":4},"end":{"line":21,"column":30}},"15":{"start":{"line":19,"column":0},"end":{"line":19,"column":16}}},"fnMap":{"0":{"name":"add","decl":{"start":{"line":1,"column":16},"end":{"line":1,"column":19}},"loc":{"start":{"line":1,"column":19},"end":{"line":5,"column":1}}},"1":{"name":"(anonymous_1)","decl":{"start":{"line":2,"column":21},"end":{"line":2,"column":22}},"loc":{"start":{"line":2,"column":39},"end":{"line":4,"column":3}}},"2":{"name":"subtract","decl":{"start":{"line":7,"column":16},"end":{"line":7,"column":24}},"loc":{"start":{"line":7,"column":24},"end":{"line":11,"column":1}}},"3":{"name":"(anonymous_3)","decl":{"start":{"line":8,"column":21},"end":{"line":8,"column":22}},"loc":{"start":{"line":8,"column":39},"end":{"line":10,"column":3}}},"4":{"name":"multiply","decl":{"start":{"line":13,"column":16},"end":{"line":13,"column":24}},"loc":{"start":{"line":13,"column":24},"end":{"line":17,"column":1}}},"5":{"name":"(anonymous_5)","decl":{"start":{"line":14,"column":21},"end":{"line":14,"column":22}},"loc":{"start":{"line":14,"column":39},"end":{"line":16,"column":3}}},"6":{"name":"divide","decl":{"start":{"line":19,"column":16},"end":{"line":19,"column":22}},"loc":{"start":{"line":19,"column":22},"end":{"line":23,"column":1}}},"7":{"name":"(anonymous_7)","decl":{"start":{"line":20,"column":21},"end":{"line":20,"column":22}},"loc":{"start":{"line":20,"column":39},"end":{"line":22,"column":3}}}},"branchMap":{},"s":{"0":13,"1":3,"2":4,"3":1,"4":9,"5":2,"6":3,"7":1,"8":9,"9":2,"10":3,"11":1,"12":9,"13":2,"14":3,"15":1},"f":{"0":3,"1":4,"2":2,"3":3,"4":2,"5":3,"6":2,"7":3},"b":{}}
}
