{"/workspaces/praha_challenge/testing_basic/tdd/task2/src/script.ts": {"path":"/workspaces/praha_challenge/testing_basic/tdd/task2/src/script.ts","statementMap":{"0":{"start":{"line":1,"column":0},"end":{"line":1,"column":46}},"1":{"start":{"line":3,"column":19},"end":{"line":12,"column":1}},"2":{"start":{"line":3,"column":20},"end":{"line":3,"column":37}},"3":{"start":{"line":4,"column":2},"end":{"line":4,"column":24}},"4":{"start":{"line":5,"column":17},"end":{"line":7,"column":4}},"5":{"start":{"line":6,"column":4},"end":{"line":6,"column":30}},"6":{"start":{"line":8,"column":2},"end":{"line":10,"column":null}},"7":{"start":{"line":9,"column":4},"end":{"line":9,"column":21}},"8":{"start":{"line":11,"column":2},"end":{"line":11,"column":16}},"9":{"start":{"line":3,"column":13},"end":{"line":3,"column":19}},"10":{"start":{"line":14,"column":24},"end":{"line":23,"column":1}},"11":{"start":{"line":14,"column":25},"end":{"line":14,"column":42}},"12":{"start":{"line":15,"column":2},"end":{"line":15,"column":24}},"13":{"start":{"line":16,"column":17},"end":{"line":18,"column":4}},"14":{"start":{"line":17,"column":4},"end":{"line":17,"column":30}},"15":{"start":{"line":19,"column":2},"end":{"line":21,"column":null}},"16":{"start":{"line":20,"column":4},"end":{"line":20,"column":29}},"17":{"start":{"line":22,"column":2},"end":{"line":22,"column":16}},"18":{"start":{"line":14,"column":13},"end":{"line":14,"column":24}},"19":{"start":{"line":25,"column":24},"end":{"line":34,"column":1}},"20":{"start":{"line":25,"column":25},"end":{"line":25,"column":42}},"21":{"start":{"line":26,"column":2},"end":{"line":26,"column":24}},"22":{"start":{"line":27,"column":17},"end":{"line":29,"column":4}},"23":{"start":{"line":28,"column":4},"end":{"line":28,"column":30}},"24":{"start":{"line":30,"column":2},"end":{"line":32,"column":null}},"25":{"start":{"line":31,"column":4},"end":{"line":31,"column":28}},"26":{"start":{"line":33,"column":2},"end":{"line":33,"column":16}},"27":{"start":{"line":25,"column":13},"end":{"line":25,"column":24}},"28":{"start":{"line":36,"column":22},"end":{"line":45,"column":1}},"29":{"start":{"line":36,"column":23},"end":{"line":36,"column":40}},"30":{"start":{"line":37,"column":2},"end":{"line":37,"column":24}},"31":{"start":{"line":38,"column":17},"end":{"line":40,"column":4}},"32":{"start":{"line":39,"column":4},"end":{"line":39,"column":30}},"33":{"start":{"line":41,"column":2},"end":{"line":43,"column":null}},"34":{"start":{"line":42,"column":4},"end":{"line":42,"column":18}},"35":{"start":{"line":44,"column":2},"end":{"line":44,"column":28}},"36":{"start":{"line":36,"column":13},"end":{"line":36,"column":22}}},"fnMap":{"0":{"name":"(anonymous_0)","decl":{"start":{"line":3,"column":19},"end":{"line":3,"column":20}},"loc":{"start":{"line":3,"column":19},"end":{"line":12,"column":1}}},"1":{"name":"(anonymous_1)","decl":{"start":{"line":5,"column":29},"end":{"line":5,"column":30}},"loc":{"start":{"line":5,"column":47},"end":{"line":7,"column":3}}},"2":{"name":"(anonymous_2)","decl":{"start":{"line":14,"column":24},"end":{"line":14,"column":25}},"loc":{"start":{"line":14,"column":24},"end":{"line":23,"column":1}}},"3":{"name":"(anonymous_3)","decl":{"start":{"line":16,"column":29},"end":{"line":16,"column":30}},"loc":{"start":{"line":16,"column":47},"end":{"line":18,"column":3}}},"4":{"name":"(anonymous_4)","decl":{"start":{"line":25,"column":24},"end":{"line":25,"column":25}},"loc":{"start":{"line":25,"column":24},"end":{"line":34,"column":1}}},"5":{"name":"(anonymous_5)","decl":{"start":{"line":27,"column":29},"end":{"line":27,"column":30}},"loc":{"start":{"line":27,"column":47},"end":{"line":29,"column":3}}},"6":{"name":"(anonymous_6)","decl":{"start":{"line":36,"column":22},"end":{"line":36,"column":23}},"loc":{"start":{"line":36,"column":22},"end":{"line":45,"column":1}}},"7":{"name":"(anonymous_7)","decl":{"start":{"line":38,"column":29},"end":{"line":38,"column":30}},"loc":{"start":{"line":38,"column":47},"end":{"line":40,"column":3}}}},"branchMap":{"0":{"loc":{"start":{"line":8,"column":2},"end":{"line":10,"column":null}},"type":"if","locations":[{"start":{"line":8,"column":2},"end":{"line":10,"column":null}},{"start":{"line":8,"column":2},"end":{"line":10,"column":null}}]},"1":{"loc":{"start":{"line":19,"column":2},"end":{"line":21,"column":null}},"type":"if","locations":[{"start":{"line":19,"column":2},"end":{"line":21,"column":null}},{"start":{"line":19,"column":2},"end":{"line":21,"column":null}}]},"2":{"loc":{"start":{"line":30,"column":2},"end":{"line":32,"column":null}},"type":"if","locations":[{"start":{"line":30,"column":2},"end":{"line":32,"column":null}},{"start":{"line":30,"column":2},"end":{"line":32,"column":null}}]},"3":{"loc":{"start":{"line":41,"column":2},"end":{"line":43,"column":null}},"type":"if","locations":[{"start":{"line":41,"column":2},"end":{"line":43,"column":null}},{"start":{"line":41,"column":2},"end":{"line":43,"column":null}}]}},"s":{"0":1,"1":1,"2":46,"3":4,"4":3,"5":4,"6":3,"7":1,"8":2,"9":1,"10":1,"11":13,"12":3,"13":3,"14":4,"15":3,"16":1,"17":2,"18":1,"19":1,"20":13,"21":3,"22":3,"23":4,"24":3,"25":1,"26":2,"27":1,"28":1,"29":13,"30":3,"31":3,"32":4,"33":3,"34":2,"35":1,"36":1},"f":{"0":4,"1":4,"2":3,"3":4,"4":3,"5":4,"6":3,"7":4},"b":{"0":[1,2],"1":[1,2],"2":[1,2],"3":[2,1]}}
}
