TN:
SF:src/script.ts
FN:1,(anonymous_0)
FN:8,add
FN:10,(anonymous_2)
FN:19,subtract
FN:21,(anonymous_4)
FN:30,multiply
FN:32,(anonymous_6)
FN:41,divide
FN:43,(anonymous_8)
FNF:9
FNH:9
FNDA:13,(anonymous_0)
FNDA:5,add
FNDA:5,(anonymous_2)
FNDA:3,subtract
FNDA:4,(anonymous_4)
FNDA:3,multiply
FNDA:4,(anonymous_6)
FNDA:2,divide
FNDA:3,(anonymous_8)
DA:1,1
DA:2,13
DA:3,13
DA:4,1
DA:8,50
DA:9,5
DA:10,4
DA:11,5
DA:13,4
DA:14,1
DA:16,3
DA:19,13
DA:20,3
DA:21,3
DA:22,4
DA:24,3
DA:25,1
DA:27,2
DA:30,13
DA:31,3
DA:32,3
DA:33,4
DA:35,3
DA:36,1
DA:38,2
DA:41,9
DA:42,2
DA:43,2
DA:44,3
LF:29
LH:29
BRDA:3,0,0,1
BRDA:3,0,1,12
BRDA:13,1,0,1
BRDA:13,1,1,3
BRDA:24,2,0,1
BRDA:24,2,1,2
BRDA:35,3,0,1
BRDA:35,3,1,2
BRF:8
BRH:8
end_of_record
