TN:
SF:src/script.ts
FN:3,(anonymous_0)
FN:5,(anonymous_1)
FN:14,(anonymous_2)
FN:16,(anonymous_3)
FN:25,(anonymous_4)
FN:27,(anonymous_5)
FN:36,(anonymous_6)
FN:38,(anonymous_7)
FNF:8
FNH:8
FNDA:4,(anonymous_0)
FNDA:4,(anonymous_1)
FNDA:3,(anonymous_2)
FNDA:4,(anonymous_3)
FNDA:3,(anonymous_4)
FNDA:4,(anonymous_5)
FNDA:3,(anonymous_6)
FNDA:4,(anonymous_7)
DA:1,1
DA:3,46
DA:4,4
DA:5,3
DA:6,4
DA:8,3
DA:9,1
DA:11,2
DA:14,13
DA:15,3
DA:16,3
DA:17,4
DA:19,3
DA:20,1
DA:22,2
DA:25,13
DA:26,3
DA:27,3
DA:28,4
DA:30,3
DA:31,1
DA:33,2
DA:36,13
DA:37,3
DA:38,3
DA:39,4
DA:41,3
DA:42,2
DA:44,1
LF:29
LH:29
BRDA:8,0,0,1
BRDA:8,0,1,2
BRDA:19,1,0,1
BRDA:19,1,1,2
BRDA:30,2,0,1
BRDA:30,2,1,2
BRDA:41,3,0,2
BRDA:41,3,1,1
BRF:8
BRH:8
end_of_record
