<?xml version="1.0" encoding="UTF-8"?>
<coverage generated="1614697281535" clover="3.2.0">
  <project timestamp="1614697281537" name="All files">
    <metrics statements="27" coveredstatements="27" conditionals="5" coveredconditionals="5" methods="9" coveredmethods="9" elements="41" coveredelements="41" complexity="0" loc="27" ncloc="27" packages="1" files="2" classes="2"/>
    <file name="functions.ts" path="/workspaces/praha_challenge/testing_basic/unit_testing_with-jest/task_4/task_4_1/src/functions.ts">
      <metrics statements="10" coveredstatements="10" conditionals="1" coveredconditionals="1" methods="6" coveredmethods="6"/>
      <line num="3" count="1" type="stmt"/>
      <line num="4" count="20" type="stmt"/>
      <line num="7" count="1" type="stmt"/>
      <line num="8" count="1" type="stmt"/>
      <line num="9" count="1" type="stmt"/>
      <line num="13" count="1" type="stmt"/>
      <line num="15" count="4" type="stmt"/>
      <line num="17" count="4" type="stmt"/>
      <line num="20" count="4" type="stmt"/>
      <line num="25" count="4" type="cond" truecount="1" falsecount="0"/>
    </file>
    <file name="qiitaApiServices.ts" path="/workspaces/praha_challenge/testing_basic/unit_testing_with-jest/task_4/task_4_1/src/qiitaApiServices.ts">
      <metrics statements="17" coveredstatements="17" conditionals="4" coveredconditionals="4" methods="3" coveredmethods="3"/>
      <line num="1" count="2" type="stmt"/>
      <line num="3" count="2" type="stmt"/>
      <line num="4" count="8" type="stmt"/>
      <line num="5" count="8" type="stmt"/>
      <line num="8" count="2" type="stmt"/>
      <line num="11" count="8" type="cond" truecount="2" falsecount="0"/>
      <line num="12" count="8" type="cond" truecount="2" falsecount="0"/>
      <line num="13" count="4" type="stmt"/>
      <line num="16" count="4" type="stmt"/>
      <line num="17" count="4" type="stmt"/>
      <line num="22" count="4" type="stmt"/>
      <line num="26" count="4" type="stmt"/>
      <line num="27" count="4" type="stmt"/>
      <line num="29" count="5" type="stmt"/>
      <line num="30" count="5" type="stmt"/>
      <line num="33" count="4" type="stmt"/>
      <line num="35" count="2" type="stmt"/>
    </file>
  </project>
</coverage>
