{"/workspaces/praha_challenge/testing_basic/unit_testing_with-jest/task_4/task_4_1/src/functions.ts": {"path":"/workspaces/praha_challenge/testing_basic/unit_testing_with-jest/task_4/task_4_1/src/functions.ts","statementMap":{"0":{"start":{"line":3,"column":27},"end":{"line":5,"column":1}},"1":{"start":{"line":4,"column":2},"end":{"line":4,"column":70}},"2":{"start":{"line":4,"column":36},"end":{"line":4,"column":69}},"3":{"start":{"line":3,"column":13},"end":{"line":3,"column":27}},"4":{"start":{"line":7,"column":32},"end":{"line":11,"column":1}},"5":{"start":{"line":8,"column":2},"end":{"line":10,"column":5}},"6":{"start":{"line":9,"column":4},"end":{"line":9,"column":37}},"7":{"start":{"line":7,"column":13},"end":{"line":7,"column":32}},"8":{"start":{"line":13,"column":35},"end":{"line":26,"column":2}},"9":{"start":{"line":15,"column":21},"end":{"line":26,"column":2}},"10":{"start":{"line":17,"column":6},"end":{"line":17,"column":33}},"11":{"start":{"line":20,"column":18},"end":{"line":20,"column":76}},"12":{"start":{"line":20,"column":4},"end":{"line":20,"column":76}},"13":{"start":{"line":25,"column":2},"end":{"line":25,"column":21}},"14":{"start":{"line":13,"column":13},"end":{"line":13,"column":35}}},"fnMap":{"0":{"name":"(anonymous_13)","decl":{"start":{"line":3,"column":27},"end":{"line":3,"column":28}},"loc":{"start":{"line":3,"column":56},"end":{"line":5,"column":1}}},"1":{"name":"(anonymous_14)","decl":{"start":{"line":4,"column":20},"end":{"line":4,"column":21}},"loc":{"start":{"line":4,"column":31},"end":{"line":4,"column":38}}},"2":{"name":"(anonymous_15)","decl":{"start":{"line":7,"column":32},"end":{"line":7,"column":33}},"loc":{"start":{"line":7,"column":61},"end":{"line":11,"column":1}}},"3":{"name":"(anonymous_16)","decl":{"start":{"line":8,"column":21},"end":{"line":8,"column":22}},"loc":{"start":{"line":8,"column":29},"end":{"line":10,"column":3}}},"4":{"name":"(anonymous_17)","decl":{"start":{"line":13,"column":35},"end":{"line":13,"column":null}},"loc":{"start":{"line":15,"column":21},"end":{"line":26,"column":2}}},"5":{"name":"(anonymous_18)","decl":{"start":{"line":15,"column":21},"end":{"line":15,"column":null}},"loc":{"start":{"line":15,"column":21},"end":{"line":26,"column":2}}}},"branchMap":{"0":{"loc":{"start":{"line":25,"column":2},"end":{"line":25,"column":21}},"type":"switch","locations":[{"start":{"line":25,"column":2},"end":{"line":25,"column":21}}]}},"s":{"0":1,"1":8,"2":20,"3":1,"4":1,"5":1,"6":1,"7":1,"8":1,"9":4,"10":4,"11":4,"12":4,"13":4,"14":1},"f":{"0":8,"1":20,"2":1,"3":1,"4":4,"5":4},"b":{"0":[4]}}
,"/workspaces/praha_challenge/testing_basic/unit_testing_with-jest/task_4/task_4_1/src/qiitaApiServices.ts": {"path":"/workspaces/praha_challenge/testing_basic/unit_testing_with-jest/task_4/task_4_1/src/qiitaApiServices.ts","statementMap":{"0":{"start":{"line":1,"column":0},"end":{"line":1,"column":26}},"1":{"start":{"line":3,"column":0},"end":{"line":3,"column":13}},"2":{"start":{"line":4,"column":10},"end":{"line":4,"column":23}},"3":{"start":{"line":5,"column":10},"end":{"line":5,"column":30}},"4":{"start":{"line":8,"column":15},"end":{"line":34,"column":null}},"5":{"start":{"line":11,"column":10},"end":{"line":11,"column":70}},"6":{"start":{"line":12,"column":4},"end":{"line":14,"column":null}},"7":{"start":{"line":13,"column":6},"end":{"line":13,"column":43}},"8":{"start":{"line":16,"column":10},"end":{"line":16,"column":52}},"9":{"start":{"line":17,"column":10},"end":{"line":21,"column":6}},"10":{"start":{"line":22,"column":21},"end":{"line":24,"column":null}},"11":{"start":{"line":22,"column":10},"end":{"line":24,"column":null}},"12":{"start":{"line":26,"column":10},"end":{"line":26,"column":31}},"13":{"start":{"line":27,"column":8},"end":{"line":27,"column":35}},"14":{"start":{"line":29,"column":4},"end":{"line":31,"column":null}},"15":{"start":{"line":29,"column":13},"end":{"line":29,"column":21}},"16":{"start":{"line":30,"column":6},"end":{"line":30,"column":35}},"17":{"start":{"line":33,"column":4},"end":{"line":33,"column":23}},"18":{"start":{"line":35,"column":0},"end":{"line":35,"column":null}},"19":{"start":{"line":3,"column":13},"end":{"line":3,"column":29}}},"fnMap":{"0":{"name":"(anonymous_14)","decl":{"start":{"line":3,"column":0},"end":{"line":3,"column":13}},"loc":{"start":{"line":3,"column":0},"end":{"line":35,"column":null}}},"1":{"name":"QiitaApiServices","decl":{"start":{"line":6,"column":2},"end":{"line":6,"column":24}},"loc":{"start":{"line":6,"column":2},"end":{"line":6,"column":25}}},"2":{"name":"(anonymous_16)","decl":{"start":{"line":8,"column":2},"end":{"line":8,"column":15}},"loc":{"start":{"line":9,"column":23},"end":{"line":34,"column":null}}}},"branchMap":{"0":{"loc":{"start":{"line":11,"column":31},"end":{"line":11,"column":47}},"type":"binary-expr","locations":[{"start":{"line":11,"column":31},"end":{"line":11,"column":47}},{"start":{"line":11,"column":51},"end":{"line":11,"column":69}}]},"1":{"loc":{"start":{"line":12,"column":4},"end":{"line":14,"column":null}},"type":"if","locations":[{"start":{"line":12,"column":4},"end":{"line":14,"column":null}},{"start":{"line":12,"column":4},"end":{"line":14,"column":null}}]}},"s":{"0":2,"1":2,"2":8,"3":8,"4":2,"5":8,"6":8,"7":4,"8":4,"9":4,"10":4,"11":4,"12":4,"13":4,"14":4,"15":5,"16":5,"17":4,"18":2,"19":2},"f":{"0":2,"1":8,"2":8},"b":{"0":[8,6],"1":[4,4]}}
}
