TN:
SF:src/functions.ts
FN:3,(anonymous_13)
FN:4,(anonymous_14)
FN:7,(anonymous_15)
FN:8,(anonymous_16)
FN:13,(anonymous_17)
FN:15,(anonymous_18)
FNF:6
FNH:6
FNDA:8,(anonymous_13)
FNDA:20,(anonymous_14)
FNDA:1,(anonymous_15)
FNDA:1,(anonymous_16)
FNDA:4,(anonymous_17)
FNDA:4,(anonymous_18)
DA:3,1
DA:4,20
DA:7,1
DA:8,1
DA:9,1
DA:13,1
DA:15,4
DA:17,4
DA:20,4
DA:25,4
LF:10
LH:10
BRDA:25,0,0,4
BRF:1
BRH:1
end_of_record
TN:
SF:src/qiitaApiServices.ts
FN:3,(anonymous_14)
FN:6,QiitaApiServices
FN:8,(anonymous_16)
FNF:3
FNH:3
FNDA:2,(anonymous_14)
FNDA:8,QiitaApiServices
FNDA:8,(anonymous_16)
DA:1,2
DA:3,2
DA:4,8
DA:5,8
DA:8,2
DA:11,8
DA:12,8
DA:13,4
DA:16,4
DA:17,4
DA:22,4
DA:26,4
DA:27,4
DA:29,5
DA:30,5
DA:33,4
DA:35,2
LF:17
LH:17
BRDA:11,0,0,8
BRDA:11,0,1,6
BRDA:12,1,0,4
BRDA:12,1,1,4
BRF:4
BRH:4
end_of_record
